00:29:21.877 [main] WARN  com.intuit.karate.StepDefs - unable to derive feature file path, using: C:\Users\amdocsfsaglam\Desktop\Proje\Petstore
00:29:28.408 [main] DEBUG com.intuit.karate.StepDefs - response time in milliseconds: 4662
00:29:28.418 [main] WARN  com.intuit.karate.StepDefs - unable to derive feature file path, using: C:\Users\amdocsfsaglam\Desktop\Proje\Petstore
00:29:29.125 [main] DEBUG com.intuit.karate.StepDefs - response time in milliseconds: 619
00:29:29.129 [main] WARN  com.intuit.karate.StepDefs - unable to derive feature file path, using: C:\Users\amdocsfsaglam\Desktop\Proje\Petstore
00:29:29.790 [main] DEBUG com.intuit.karate.StepDefs - response time in milliseconds: 581
00:29:29.795 [main] WARN  com.intuit.karate.StepDefs - unable to derive feature file path, using: C:\Users\amdocsfsaglam\Desktop\Proje\Petstore
00:29:30.458 [main] DEBUG com.intuit.karate.StepDefs - response time in milliseconds: 605
00:29:30.461 [main] WARN  com.intuit.karate.StepDefs - unable to derive feature file path, using: C:\Users\amdocsfsaglam\Desktop\Proje\Petstore
00:29:31.086 [main] DEBUG com.intuit.karate.StepDefs - response time in milliseconds: 578
00:29:31.088 [main] WARN  com.intuit.karate.StepDefs - unable to derive feature file path, using: C:\Users\amdocsfsaglam\Desktop\Proje\Petstore
00:29:31.719 [main] DEBUG com.intuit.karate.StepDefs - response time in milliseconds: 580
00:29:31.720 [main] ERROR com.intuit.karate.StepDefs - FAILED, status code was 404, expected 200
00:32:32.449 [main] WARN  com.intuit.karate.StepDefs - unable to derive feature file path, using: C:\Users\amdocsfsaglam\Desktop\Proje\Petstore
00:32:38.385 [main] DEBUG com.intuit.karate.StepDefs - response time in milliseconds: 4428
00:32:38.396 [main] WARN  com.intuit.karate.StepDefs - unable to derive feature file path, using: C:\Users\amdocsfsaglam\Desktop\Proje\Petstore
00:32:39.099 [main] DEBUG com.intuit.karate.StepDefs - response time in milliseconds: 600
00:32:39.102 [main] WARN  com.intuit.karate.StepDefs - unable to derive feature file path, using: C:\Users\amdocsfsaglam\Desktop\Proje\Petstore
00:32:39.743 [main] DEBUG com.intuit.karate.StepDefs - response time in milliseconds: 580
00:32:39.748 [main] WARN  com.intuit.karate.StepDefs - unable to derive feature file path, using: C:\Users\amdocsfsaglam\Desktop\Proje\Petstore
00:32:40.448 [main] DEBUG com.intuit.karate.StepDefs - response time in milliseconds: 636
00:32:40.449 [main] WARN  com.intuit.karate.StepDefs - unable to derive feature file path, using: C:\Users\amdocsfsaglam\Desktop\Proje\Petstore
00:32:41.088 [main] DEBUG com.intuit.karate.StepDefs - response time in milliseconds: 595
00:34:06.228 [main] WARN  com.intuit.karate.StepDefs - unable to derive feature file path, using: C:\Users\amdocsfsaglam\Desktop\Proje\Petstore
00:34:12.895 [main] DEBUG com.intuit.karate.StepDefs - response time in milliseconds: 5182
00:34:12.910 [main] WARN  com.intuit.karate.StepDefs - unable to derive feature file path, using: C:\Users\amdocsfsaglam\Desktop\Proje\Petstore
00:34:13.625 [main] DEBUG com.intuit.karate.StepDefs - response time in milliseconds: 623
00:34:13.629 [main] WARN  com.intuit.karate.StepDefs - unable to derive feature file path, using: C:\Users\amdocsfsaglam\Desktop\Proje\Petstore
00:34:14.364 [main] DEBUG com.intuit.karate.StepDefs - response time in milliseconds: 648
00:34:14.366 [main] WARN  com.intuit.karate.StepDefs - unable to derive feature file path, using: C:\Users\amdocsfsaglam\Desktop\Proje\Petstore
00:34:15.024 [main] DEBUG com.intuit.karate.StepDefs - response time in milliseconds: 604
00:34:15.031 [main] WARN  com.intuit.karate.StepDefs - unable to derive feature file path, using: C:\Users\amdocsfsaglam\Desktop\Proje\Petstore
00:34:16.706 [main] DEBUG com.intuit.karate.StepDefs - response time in milliseconds: 1620
00:38:21.870 [main] WARN  com.intuit.karate.StepDefs - unable to derive feature file path, using: C:\Users\amdocsfsaglam\Desktop\Proje\Petstore
00:38:27.723 [main] DEBUG com.intuit.karate.StepDefs - response time in milliseconds: 4392
00:38:27.735 [main] WARN  com.intuit.karate.StepDefs - unable to derive feature file path, using: C:\Users\amdocsfsaglam\Desktop\Proje\Petstore
00:38:28.421 [main] DEBUG com.intuit.karate.StepDefs - response time in milliseconds: 608
00:38:28.425 [main] WARN  com.intuit.karate.StepDefs - unable to derive feature file path, using: C:\Users\amdocsfsaglam\Desktop\Proje\Petstore
00:38:29.097 [main] DEBUG com.intuit.karate.StepDefs - response time in milliseconds: 606
00:38:29.100 [main] WARN  com.intuit.karate.StepDefs - unable to derive feature file path, using: C:\Users\amdocsfsaglam\Desktop\Proje\Petstore
00:38:29.742 [main] DEBUG com.intuit.karate.StepDefs - response time in milliseconds: 591
00:38:29.744 [main] WARN  com.intuit.karate.StepDefs - unable to derive feature file path, using: C:\Users\amdocsfsaglam\Desktop\Proje\Petstore
00:38:30.395 [main] DEBUG com.intuit.karate.StepDefs - response time in milliseconds: 605
00:38:30.396 [main] WARN  com.intuit.karate.StepDefs - unable to derive feature file path, using: C:\Users\amdocsfsaglam\Desktop\Proje\Petstore
00:38:31.027 [main] DEBUG com.intuit.karate.StepDefs - response time in milliseconds: 585
00:38:31.030 [main] ERROR com.intuit.karate.StepDefs - FAILED, status code was 404, expected 201
00:39:40.701 [main] WARN  com.intuit.karate.StepDefs - unable to derive feature file path, using: C:\Users\amdocsfsaglam\Desktop\Proje\Petstore
00:39:46.598 [main] DEBUG com.intuit.karate.StepDefs - response time in milliseconds: 4390
00:39:46.606 [main] WARN  com.intuit.karate.StepDefs - unable to derive feature file path, using: C:\Users\amdocsfsaglam\Desktop\Proje\Petstore
00:39:47.318 [main] DEBUG com.intuit.karate.StepDefs - response time in milliseconds: 626
00:39:47.324 [main] WARN  com.intuit.karate.StepDefs - unable to derive feature file path, using: C:\Users\amdocsfsaglam\Desktop\Proje\Petstore
00:39:47.986 [main] DEBUG com.intuit.karate.StepDefs - response time in milliseconds: 591
00:39:47.989 [main] WARN  com.intuit.karate.StepDefs - unable to derive feature file path, using: C:\Users\amdocsfsaglam\Desktop\Proje\Petstore
00:39:48.629 [main] DEBUG com.intuit.karate.StepDefs - response time in milliseconds: 591
00:39:48.631 [main] WARN  com.intuit.karate.StepDefs - unable to derive feature file path, using: C:\Users\amdocsfsaglam\Desktop\Proje\Petstore
00:39:49.260 [main] DEBUG com.intuit.karate.StepDefs - response time in milliseconds: 585
00:39:49.265 [main] WARN  com.intuit.karate.StepDefs - unable to derive feature file path, using: C:\Users\amdocsfsaglam\Desktop\Proje\Petstore
00:39:49.906 [main] DEBUG com.intuit.karate.StepDefs - response time in milliseconds: 582
00:44:23.449 [main] WARN  com.intuit.karate.StepDefs - unable to derive feature file path, using: C:\Users\amdocsfsaglam\Desktop\Proje\Petstore
00:44:26.984 [main] DEBUG com.intuit.karate.StepDefs - response time in milliseconds: 2792
00:44:26.992 [main] WARN  com.intuit.karate.StepDefs - unable to derive feature file path, using: C:\Users\amdocsfsaglam\Desktop\Proje\Petstore
00:44:27.616 [main] DEBUG com.intuit.karate.StepDefs - response time in milliseconds: 575
00:44:27.623 [main] WARN  com.intuit.karate.StepDefs - unable to derive feature file path, using: C:\Users\amdocsfsaglam\Desktop\Proje\Petstore
00:44:28.272 [main] DEBUG com.intuit.karate.StepDefs - response time in milliseconds: 596
00:44:28.276 [main] WARN  com.intuit.karate.StepDefs - unable to derive feature file path, using: C:\Users\amdocsfsaglam\Desktop\Proje\Petstore
00:44:28.906 [main] DEBUG com.intuit.karate.StepDefs - response time in milliseconds: 584
00:44:28.908 [main] WARN  com.intuit.karate.StepDefs - unable to derive feature file path, using: C:\Users\amdocsfsaglam\Desktop\Proje\Petstore
00:44:29.550 [main] DEBUG com.intuit.karate.StepDefs - response time in milliseconds: 605
00:44:29.553 [main] WARN  com.intuit.karate.StepDefs - unable to derive feature file path, using: C:\Users\amdocsfsaglam\Desktop\Proje\Petstore
00:44:30.181 [main] DEBUG com.intuit.karate.StepDefs - response time in milliseconds: 586
12:45:02.146 [main] WARN  com.intuit.karate.StepDefs - unable to derive feature file path, using: C:\Users\amdocsfsaglam\Desktop\Proje\Petstore
12:45:09.059 [main] DEBUG com.intuit.karate.StepDefs - response time in milliseconds: 5538
12:45:09.086 [main] WARN  com.intuit.karate.StepDefs - unable to derive feature file path, using: C:\Users\amdocsfsaglam\Desktop\Proje\Petstore
12:45:09.894 [main] DEBUG com.intuit.karate.StepDefs - response time in milliseconds: 687
12:45:09.899 [main] WARN  com.intuit.karate.StepDefs - unable to derive feature file path, using: C:\Users\amdocsfsaglam\Desktop\Proje\Petstore
12:45:10.692 [main] DEBUG com.intuit.karate.StepDefs - response time in milliseconds: 669
12:45:10.698 [main] WARN  com.intuit.karate.StepDefs - unable to derive feature file path, using: C:\Users\amdocsfsaglam\Desktop\Proje\Petstore
12:45:11.431 [main] DEBUG com.intuit.karate.StepDefs - response time in milliseconds: 629
12:45:11.436 [main] WARN  com.intuit.karate.StepDefs - unable to derive feature file path, using: C:\Users\amdocsfsaglam\Desktop\Proje\Petstore
12:45:12.150 [main] DEBUG com.intuit.karate.StepDefs - response time in milliseconds: 633
12:45:12.159 [main] WARN  com.intuit.karate.StepDefs - unable to derive feature file path, using: C:\Users\amdocsfsaglam\Desktop\Proje\Petstore
12:45:12.843 [main] DEBUG com.intuit.karate.StepDefs - response time in milliseconds: 599
15:18:40.226 [main] WARN  com.intuit.karate.StepDefs - unable to derive feature file path, using: C:\Users\amdocsfsaglam\Desktop\Proje\Petstore
15:18:45.851 [main] DEBUG com.intuit.karate.StepDefs - response time in milliseconds: 3994
15:18:45.860 [main] WARN  com.intuit.karate.StepDefs - unable to derive feature file path, using: C:\Users\amdocsfsaglam\Desktop\Proje\Petstore
15:18:46.503 [main] DEBUG com.intuit.karate.StepDefs - response time in milliseconds: 585
15:18:46.505 [main] WARN  com.intuit.karate.StepDefs - unable to derive feature file path, using: C:\Users\amdocsfsaglam\Desktop\Proje\Petstore
15:18:47.126 [main] DEBUG com.intuit.karate.StepDefs - response time in milliseconds: 574
15:18:47.128 [main] WARN  com.intuit.karate.StepDefs - unable to derive feature file path, using: C:\Users\amdocsfsaglam\Desktop\Proje\Petstore
15:18:47.748 [main] DEBUG com.intuit.karate.StepDefs - response time in milliseconds: 577
15:18:47.750 [main] WARN  com.intuit.karate.StepDefs - unable to derive feature file path, using: C:\Users\amdocsfsaglam\Desktop\Proje\Petstore
15:18:48.341 [main] DEBUG com.intuit.karate.StepDefs - response time in milliseconds: 551
15:18:48.343 [main] WARN  com.intuit.karate.StepDefs - unable to derive feature file path, using: C:\Users\amdocsfsaglam\Desktop\Proje\Petstore
15:18:48.966 [main] DEBUG com.intuit.karate.StepDefs - response time in milliseconds: 587
17:58:26.811 [main] DEBUG c.i.karate.cucumber.CucumberRunner - init test class: class examples.users.UsersRunner
18:10:35.662 [main] DEBUG c.i.karate.cucumber.CucumberRunner - init test class: class examples.users.UsersRunner
18:12:23.590 [main] DEBUG c.i.karate.cucumber.CucumberRunner - init test class: class examples.users.UsersRunner
18:12:23.813 [main] DEBUG c.i.karate.cucumber.CucumberRunner - loading feature: /C:/Users/amdocsfsaglam/Desktop/Proje/Petstore/target/test-classes/examples%5cusers%5cusers.feature
18:12:30.722 [main] DEBUG com.intuit.karate.StepDefs - response time in milliseconds: 5237
18:12:31.404 [main] DEBUG com.intuit.karate.StepDefs - response time in milliseconds: 603
18:12:32.063 [main] DEBUG com.intuit.karate.StepDefs - response time in milliseconds: 592
18:12:32.687 [main] DEBUG com.intuit.karate.StepDefs - response time in milliseconds: 572
18:12:33.379 [main] DEBUG com.intuit.karate.StepDefs - response time in milliseconds: 614
18:12:34.013 [main] DEBUG com.intuit.karate.StepDefs - response time in milliseconds: 556
18:38:35.382 [main] DEBUG c.i.karate.cucumber.CucumberRunner - init test class: class examples.users.UsersRunner
18:38:35.630 [main] DEBUG c.i.karate.cucumber.CucumberRunner - loading feature: /C:/Users/amdocsfsaglam/Desktop/Proje/Petstore/target/test-classes/examples%5cusers%5cusers.feature
18:38:41.973 [main] DEBUG com.intuit.karate.StepDefs - response time in milliseconds: 4700
18:38:42.672 [main] DEBUG com.intuit.karate.StepDefs - response time in milliseconds: 604
18:38:43.355 [main] DEBUG com.intuit.karate.StepDefs - response time in milliseconds: 613
18:38:43.996 [main] DEBUG com.intuit.karate.StepDefs - response time in milliseconds: 592
18:38:44.608 [main] DEBUG com.intuit.karate.StepDefs - response time in milliseconds: 567
18:38:46.287 [main] DEBUG com.intuit.karate.StepDefs - response time in milliseconds: 1610
